<?xml version="1.0" encoding="UTF-8"?>
<testsuite xmlns:xsi="http://www.w3.org/2001/XMLSchema-instance" xsi:noNamespaceSchemaLocation="https://maven.apache.org/surefire/maven-surefire-plugin/xsd/surefire-test-report.xsd" name="com.github.test123.RandomTest" time="0.001" tests="3" errors="0" skipped="0" failures="0">
  <properties>
    <property name="sun.desktop" value="windows"/>
    <property name="awt.toolkit" value="sun.awt.windows.WToolkit"/>
    <property name="file.encoding.pkg" value="sun.io"/>
    <property name="java.specification.version" value="1.8"/>
    <property name="sun.cpu.isalist" value="amd64"/>
    <property name="sun.jnu.encoding" value="GBK"/>
    <property name="java.class.path" value="E:\workspaceforide\MavenTestSSM\target\test-classes;E:\workspaceforide\MavenTestSSM\target\classes;D:\M2_REPOSITORY\junit\junit\4.12\junit-4.12.jar;D:\M2_REPOSITORY\org\hamcrest\hamcrest-core\1.3\hamcrest-core-1.3.jar;D:\M2_REPOSITORY\org\springframework\spring-test\4.3.7.RELEASE\spring-test-4.3.7.RELEASE.jar;D:\M2_REPOSITORY\org\springframework\spring-core\4.3.7.RELEASE\spring-core-4.3.7.RELEASE.jar;D:\M2_REPOSITORY\commons-logging\commons-logging\1.2\commons-logging-1.2.jar;D:\M2_REPOSITORY\org\springframework\spring-webmvc\4.3.7.RELEASE\spring-webmvc-4.3.7.RELEASE.jar;D:\M2_REPOSITORY\org\springframework\spring-aop\4.3.7.RELEASE\spring-aop-4.3.7.RELEASE.jar;D:\M2_REPOSITORY\org\springframework\spring-beans\4.3.7.RELEASE\spring-beans-4.3.7.RELEASE.jar;D:\M2_REPOSITORY\org\springframework\spring-context\4.3.7.RELEASE\spring-context-4.3.7.RELEASE.jar;D:\M2_REPOSITORY\org\springframework\spring-expression\4.3.7.RELEASE\spring-expression-4.3.7.RELEASE.jar;D:\M2_REPOSITORY\org\springframework\spring-web\4.3.7.RELEASE\spring-web-4.3.7.RELEASE.jar;D:\M2_REPOSITORY\org\springframework\spring-jdbc\4.3.7.RELEASE\spring-jdbc-4.3.7.RELEASE.jar;D:\M2_REPOSITORY\org\springframework\spring-tx\4.3.7.RELEASE\spring-tx-4.3.7.RELEASE.jar;D:\M2_REPOSITORY\org\springframework\spring-aspects\4.3.7.RELEASE\spring-aspects-4.3.7.RELEASE.jar;D:\M2_REPOSITORY\org\aspectj\aspectjweaver\1.8.9\aspectjweaver-1.8.9.jar;D:\M2_REPOSITORY\org\mybatis\mybatis\3.4.2\mybatis-3.4.2.jar;D:\M2_REPOSITORY\org\mybatis\mybatis-spring\1.3.1\mybatis-spring-1.3.1.jar;D:\M2_REPOSITORY\c3p0\c3p0\0.9.1\c3p0-0.9.1.jar;D:\M2_REPOSITORY\mysql\mysql-connector-java\5.1.8\mysql-connector-java-5.1.8.jar;D:\M2_REPOSITORY\jstl\jstl\1.2\jstl-1.2.jar;D:\M2_REPOSITORY\javax\servlet\javax.servlet-api\3.0.1\javax.servlet-api-3.0.1.jar;D:\M2_REPOSITORY\org\mybatis\generator\mybatis-generator-core\1.3.5\mybatis-generator-core-1.3.5.jar;D:\M2_REPOSITORY\com\github\pagehelper\pagehelper\5.0.0\pagehelper-5.0.0.jar;D:\M2_REPOSITORY\com\github\jsqlparser\jsqlparser\0.9.5\jsqlparser-0.9.5.jar;D:\M2_REPOSITORY\com\fasterxml\jackson\core\jackson-databind\2.9.0\jackson-databind-2.9.0.jar;"/>
    <property name="java.vm.vendor" value="Oracle Corporation"/>
    <property name="sun.arch.data.model" value="64"/>
    <property name="user.variant" value=""/>
    <property name="java.vendor.url" value="http://java.oracle.com/"/>
    <property name="user.timezone" value="Asia/Shanghai"/>
    <property name="java.vm.specification.version" value="1.8"/>
    <property name="os.name" value="Windows 10"/>
    <property name="user.country" value="CN"/>
    <property name="sun.java.launcher" value="SUN_STANDARD"/>
    <property name="sun.boot.library.path" value="C:\Program Files\Java\jdk1.8.0_201\jre\bin"/>
    <property name="sun.java.command" value="C:\Users\Lenovo\AppData\Local\Temp\surefire6168513966402295640\surefirebooter4259512154340069535.jar C:\Users\Lenovo\AppData\Local\Temp\surefire6168513966402295640 2020-04-19T00-03-32_811-jvmRun1 surefire8388847677173803159tmp surefire_05494311559444795480tmp"/>
    <property name="surefire.test.class.path" value="E:\workspaceforide\MavenTestSSM\target\test-classes;E:\workspaceforide\MavenTestSSM\target\classes;D:\M2_REPOSITORY\junit\junit\4.12\junit-4.12.jar;D:\M2_REPOSITORY\org\hamcrest\hamcrest-core\1.3\hamcrest-core-1.3.jar;D:\M2_REPOSITORY\org\springframework\spring-test\4.3.7.RELEASE\spring-test-4.3.7.RELEASE.jar;D:\M2_REPOSITORY\org\springframework\spring-core\4.3.7.RELEASE\spring-core-4.3.7.RELEASE.jar;D:\M2_REPOSITORY\commons-logging\commons-logging\1.2\commons-logging-1.2.jar;D:\M2_REPOSITORY\org\springframework\spring-webmvc\4.3.7.RELEASE\spring-webmvc-4.3.7.RELEASE.jar;D:\M2_REPOSITORY\org\springframework\spring-aop\4.3.7.RELEASE\spring-aop-4.3.7.RELEASE.jar;D:\M2_REPOSITORY\org\springframework\spring-beans\4.3.7.RELEASE\spring-beans-4.3.7.RELEASE.jar;D:\M2_REPOSITORY\org\springframework\spring-context\4.3.7.RELEASE\spring-context-4.3.7.RELEASE.jar;D:\M2_REPOSITORY\org\springframework\spring-expression\4.3.7.RELEASE\spring-expression-4.3.7.RELEASE.jar;D:\M2_REPOSITORY\org\springframework\spring-web\4.3.7.RELEASE\spring-web-4.3.7.RELEASE.jar;D:\M2_REPOSITORY\org\springframework\spring-jdbc\4.3.7.RELEASE\spring-jdbc-4.3.7.RELEASE.jar;D:\M2_REPOSITORY\org\springframework\spring-tx\4.3.7.RELEASE\spring-tx-4.3.7.RELEASE.jar;D:\M2_REPOSITORY\org\springframework\spring-aspects\4.3.7.RELEASE\spring-aspects-4.3.7.RELEASE.jar;D:\M2_REPOSITORY\org\aspectj\aspectjweaver\1.8.9\aspectjweaver-1.8.9.jar;D:\M2_REPOSITORY\org\mybatis\mybatis\3.4.2\mybatis-3.4.2.jar;D:\M2_REPOSITORY\org\mybatis\mybatis-spring\1.3.1\mybatis-spring-1.3.1.jar;D:\M2_REPOSITORY\c3p0\c3p0\0.9.1\c3p0-0.9.1.jar;D:\M2_REPOSITORY\mysql\mysql-connector-java\5.1.8\mysql-connector-java-5.1.8.jar;D:\M2_REPOSITORY\jstl\jstl\1.2\jstl-1.2.jar;D:\M2_REPOSITORY\javax\servlet\javax.servlet-api\3.0.1\javax.servlet-api-3.0.1.jar;D:\M2_REPOSITORY\org\mybatis\generator\mybatis-generator-core\1.3.5\mybatis-generator-core-1.3.5.jar;D:\M2_REPOSITORY\com\github\pagehelper\pagehelper\5.0.0\pagehelper-5.0.0.jar;D:\M2_REPOSITORY\com\github\jsqlparser\jsqlparser\0.9.5\jsqlparser-0.9.5.jar;D:\M2_REPOSITORY\com\fasterxml\jackson\core\jackson-databind\2.9.0\jackson-databind-2.9.0.jar;"/>
    <property name="sun.cpu.endian" value="little"/>
    <property name="user.home" value="C:\Users\Lenovo"/>
    <property name="user.language" value="zh"/>
    <property name="java.specification.vendor" value="Oracle Corporation"/>
    <property name="java.home" value="C:\Program Files\Java\jdk1.8.0_201\jre"/>
    <property name="basedir" value="E:\workspaceforide\MavenTestSSM"/>
    <property name="file.separator" value="\"/>
    <property name="line.separator" value="&#10;"/>
    <property name="java.vm.specification.vendor" value="Oracle Corporation"/>
    <property name="java.specification.name" value="Java Platform API Specification"/>
    <property name="java.awt.graphicsenv" value="sun.awt.Win32GraphicsEnvironment"/>
    <property name="surefire.real.class.path" value="C:\Users\Lenovo\AppData\Local\Temp\surefire6168513966402295640\surefirebooter4259512154340069535.jar"/>
    <property name="sun.boot.class.path" value="C:\Program Files\Java\jdk1.8.0_201\jre\lib\resources.jar;C:\Program Files\Java\jdk1.8.0_201\jre\lib\rt.jar;C:\Program Files\Java\jdk1.8.0_201\jre\lib\sunrsasign.jar;C:\Program Files\Java\jdk1.8.0_201\jre\lib\jsse.jar;C:\Program Files\Java\jdk1.8.0_201\jre\lib\jce.jar;C:\Program Files\Java\jdk1.8.0_201\jre\lib\charsets.jar;C:\Program Files\Java\jdk1.8.0_201\jre\lib\jfr.jar;C:\Program Files\Java\jdk1.8.0_201\jre\classes"/>
    <property name="user.script" value=""/>
    <property name="sun.management.compiler" value="HotSpot 64-Bit Tiered Compilers"/>
    <property name="java.runtime.version" value="1.8.0_201-b09"/>
    <property name="user.name" value="Lenovo"/>
    <property name="path.separator" value=";"/>
    <property name="os.version" value="10.0"/>
    <property name="java.endorsed.dirs" value="C:\Program Files\Java\jdk1.8.0_201\jre\lib\endorsed"/>
    <property name="java.runtime.name" value="Java(TM) SE Runtime Environment"/>
    <property name="file.encoding" value="GBK"/>
    <property name="java.vm.name" value="Java HotSpot(TM) 64-Bit Server VM"/>
    <property name="idea.version2020.1" value="true"/>
    <property name="localRepository" value="D:\M2_REPOSITORY"/>
    <property name="java.vendor.url.bug" value="http://bugreport.sun.com/bugreport/"/>
    <property name="java.io.tmpdir" value="C:\Users\Lenovo\AppData\Local\Temp\"/>
    <property name="java.version" value="1.8.0_201"/>
    <property name="user.dir" value="E:\workspaceforide\MavenTestSSM"/>
    <property name="os.arch" value="amd64"/>
    <property name="java.vm.specification.name" value="Java Virtual Machine Specification"/>
    <property name="java.awt.printerjob" value="sun.awt.windows.WPrinterJob"/>
    <property name="sun.os.patch.level" value=""/>
    <property name="java.library.path" value="C:\Program Files\Java\jdk1.8.0_201\jre\bin;C:\WINDOWS\Sun\Java\bin;C:\WINDOWS\system32;C:\WINDOWS;C:\Program Files (x86)\Common Files\Oracle\Java\javapath;F:\app\Lenovo\product\11.2.0\dbhome_1\bin;C:\Program Files (x86)\Intel\Intel(R) Management Engine Components\iCLS\;C:\Program Files\Intel\Intel(R) Management Engine Components\iCLS\;C:\Windows\system32;C:\Windows;C:\Windows\System32\Wbem;C:\Windows\System32\WindowsPowerShell\v1.0\;C:\Program Files (x86)\Intel\Intel(R) Management Engine Components\DAL;C:\Program Files\Intel\Intel(R) Management Engine Components\DAL;C:\Program Files (x86)\Intel\Intel(R) Management Engine Components\IPT;C:\Program Files\Intel\Intel(R) Management Engine Components\IPT;C:\Program Files (x86)\NVIDIA Corporation\PhysX\Common;C:\WINDOWS\system32;C:\WINDOWS;C:\WINDOWS\System32\Wbem;C:\WINDOWS\System32\WindowsPowerShell\v1.0\;C:\WINDOWS\System32\OpenSSH\;C:\Program Files\TortoiseSVN\bin;%JAVA_HOME%\bin;F:\app\instantclient_11_2;D:\software\Git\cmd;C:\Program Files\MySQL\MySQL Utilities 1.6\;C:\Users\Lenovo\AppData\Local\Microsoft\WindowsApps;;D:\software\IntelliJ IDEA 2020.1\bin;;."/>
    <property name="java.vm.info" value="mixed mode"/>
    <property name="java.vendor" value="Oracle Corporation"/>
    <property name="java.vm.version" value="25.201-b09"/>
    <property name="java.ext.dirs" value="C:\Program Files\Java\jdk1.8.0_201\jre\lib\ext;C:\WINDOWS\Sun\Java\lib\ext"/>
    <property name="sun.io.unicode.encoding" value="UnicodeLittle"/>
    <property name="java.class.version" value="52.0"/>
  </properties>
  <testcase name="test1" classname="com.github.test123.RandomTest" time="0"/>
  <testcase name="test2" classname="com.github.test123.RandomTest" time="0"/>
  <testcase name="testRandom" classname="com.github.test123.RandomTest" time="0.001"/>
</testsuite>